<?xml version="1.0" encoding="UTF-8"?>
<testng-results ignored="0" total="2" passed="2" failed="0" skipped="0">
  <reporter-output>
  </reporter-output>
  <suite started-at="2018-01-06T19:16:43Z" name="Amazon Automation Test" finished-at="2018-01-06T19:17:48Z" duration-ms="64431">
    <groups>
    </groups>
    <test started-at="2018-01-06T19:16:43Z" name="Amazon HOme" finished-at="2018-01-06T19:17:48Z" duration-ms="64431">
      <class name="home.GetMenusTest">
        <test-method is-config="true" signature="setUp(java.lang.String)[pri:0, instance:home.GetMenusTest@79da8dc5]" started-at="2018-01-06T14:17:16Z" name="setUp" finished-at="2018-01-06T14:17:36Z" duration-ms="20016" status="PASS">
          <params>
            <param index="0">
              <value>
                <![CDATA[https://www.amazon.com/]]>
              </value>
            </param>
          </params>
          <reporter-output>
          </reporter-output>
        </test-method> <!-- setUp -->
        <test-method signature="getDropDownTest()[pri:0, instance:home.GetMenusTest@79da8dc5]" started-at="2018-01-06T14:17:36Z" name="getDropDownTest" finished-at="2018-01-06T14:17:44Z" duration-ms="8384" status="PASS">
          <reporter-output>
          </reporter-output>
        </test-method> <!-- getDropDownTest -->
        <test-method is-config="true" signature="after()[pri:0, instance:home.GetMenusTest@79da8dc5]" started-at="2018-01-06T14:17:44Z" name="after" finished-at="2018-01-06T14:17:48Z" duration-ms="3455" status="PASS">
          <reporter-output>
          </reporter-output>
        </test-method> <!-- after -->
      </class> <!-- home.GetMenusTest -->
      <class name="home.SearchMenu">
        <test-method is-config="true" signature="setUp(java.lang.String)[pri:0, instance:home.SearchMenu@c333c60]" started-at="2018-01-06T14:16:43Z" name="setUp" finished-at="2018-01-06T14:17:08Z" duration-ms="24675" status="PASS">
          <params>
            <param index="0">
              <value>
                <![CDATA[https://www.amazon.com/]]>
              </value>
            </param>
          </params>
          <reporter-output>
          </reporter-output>
        </test-method> <!-- setUp -->
        <test-method signature="searchOption()[pri:0, instance:home.SearchMenu@c333c60]" started-at="2018-01-06T14:17:08Z" name="searchOption" finished-at="2018-01-06T14:17:11Z" duration-ms="2901" status="PASS">
          <reporter-output>
          </reporter-output>
        </test-method> <!-- searchOption -->
        <test-method is-config="true" signature="after()[pri:0, instance:home.SearchMenu@c333c60]" started-at="2018-01-06T14:17:11Z" name="after" finished-at="2018-01-06T14:17:16Z" duration-ms="4912" status="PASS">
          <reporter-output>
          </reporter-output>
        </test-method> <!-- after -->
      </class> <!-- home.SearchMenu -->
    </test> <!-- Amazon HOme -->
  </suite> <!-- Amazon Automation Test -->
</testng-results>
